
--------------------------------------------------
TXLib соболезнует...

Программа: C:\Users\ASUS_TUF_GAMING\Desktop\Git_Hub\Differentiator\code\diff.exe, файл: c:\users\asus_tuf_gaming\desktop\программист\codeblocks\mingw\include\txlib.h, строка: 13628, функция: bool {anonymous}::TX::txBitBlt(HDC, double, double, double, double, HDC, double, double, unsigned int),

Сообщение: Параметр "sourceImage" неверен. Возможно, этот холст не создан, или уже уничтожен, или не загрузилась картинка.

#1: TXLib [Ver: 00173a, Rev: 171, Date: 2022-07-23 02:08:28 +0400], Instance: 0x004F22FC (32-bit), Flags: CMdRe0, Thread: 0x5028 (Main), GetLastError(): 13 (Недопустимые данные). 

--------------------------------------------------
Стек вызовов:

# 0 0x00416248 in C:\Users\ASUS_TUF_GAMING\Desktop\Git_Hub\Differentiator\code\diff.exe: (anonymous namespace)::TX::txBitBlt()
# 1 0x0041C584 in C:\Users\ASUS_TUF_GAMING\Desktop\Git_Hub\Differentiator\code\diff.exe: main()

--------------------------------------------------
Developed with:

The Dumb Artist Library (TX Library)
TXLib [Ver: 00173a, Rev: 171, Date: 2022-07-23 02:08:28 +0400]
Copyright (C) Ded (Ilya Dedinsky, http://txlib.ru) <mail@txlib.ru>
See license on: http://txlib.ru

TXLib file:	c:\users\asus_tuf_gaming\desktop\программист\codeblocks\mingw\include\txlib.h
Compiled:	Dec  6 2022 23:40:53, GNU g++ 4.8.1, std=201103L, MinGW Runtime 3.20, 32-bit, Debug
Started:	Dec 06 2022 23:40:58

Run file:	C:\Users\ASUS_TUF_GAMING\Desktop\Git_Hub\Differentiator\code\diff.exe
Directory:	C:\Users\ASUS_TUF_GAMING\Desktop\Git_Hub\Differentiator\code

--------------------------------------------------

--------------------------------------------------
TXLib соболезнует...

Программа: C:\Users\ASUS_TUF_GAMING\Desktop\Git_Hub\Differentiator\code\diff.exe, файл: c:\users\asus_tuf_gaming\desktop\программист\codeblocks\mingw\include\txlib.h, строка: 13628, функция: bool {anonymous}::TX::txBitBlt(HDC, double, double, double, double, HDC, double, double, unsigned int),

Сообщение: Параметр "sourceImage" неверен. Возможно, этот холст не создан, или уже уничтожен, или не загрузилась картинка.

#1: TXLib [Ver: 00173a, Rev: 171, Date: 2022-07-23 02:08:28 +0400], Instance: 0x004F22FC (32-bit), Flags: CMdRe0, Thread: 0x3830 (Main), GetLastError(): 13 (Недопустимые данные). 

--------------------------------------------------
Стек вызовов:

# 0 0x00416248 in C:\Users\ASUS_TUF_GAMING\Desktop\Git_Hub\Differentiator\code\diff.exe: (anonymous namespace)::TX::txBitBlt()
# 1 0x0041C584 in C:\Users\ASUS_TUF_GAMING\Desktop\Git_Hub\Differentiator\code\diff.exe: main()

--------------------------------------------------
Developed with:

The Dumb Artist Library (TX Library)
TXLib [Ver: 00173a, Rev: 171, Date: 2022-07-23 02:08:28 +0400]
Copyright (C) Ded (Ilya Dedinsky, http://txlib.ru) <mail@txlib.ru>
See license on: http://txlib.ru

TXLib file:	c:\users\asus_tuf_gaming\desktop\программист\codeblocks\mingw\include\txlib.h
Compiled:	Dec  6 2022 23:44:33, GNU g++ 4.8.1, std=201103L, MinGW Runtime 3.20, 32-bit, Debug
Started:	Dec 06 2022 23:44:36

Run file:	C:\Users\ASUS_TUF_GAMING\Desktop\Git_Hub\Differentiator\code\diff.exe
Directory:	C:\Users\ASUS_TUF_GAMING\Desktop\Git_Hub\Differentiator\code

--------------------------------------------------

--------------------------------------------------
TXLib соболезнует...

Программа: C:\Users\ASUS_TUF_GAMING\Desktop\Git_Hub\Differentiator\code\diff.exe, файл: c:\users\asus_tuf_gaming\desktop\программист\codeblocks\mingw\include\txlib.h, строка: 13628, функция: bool {anonymous}::TX::txBitBlt(HDC, double, double, double, double, HDC, double, double, unsigned int),

Сообщение: Параметр "sourceImage" неверен. Возможно, этот холст не создан, или уже уничтожен, или не загрузилась картинка.

#1: TXLib [Ver: 00173a, Rev: 171, Date: 2022-07-23 02:08:28 +0400], Instance: 0x004F22FC (32-bit), Flags: CMdRe0, Thread: 0x2494 (Main), GetLastError(): 13 (Недопустимые данные). 

--------------------------------------------------
Стек вызовов:

# 0 0x00416248 in C:\Users\ASUS_TUF_GAMING\Desktop\Git_Hub\Differentiator\code\diff.exe: (anonymous namespace)::TX::txBitBlt()
# 1 0x0041C584 in C:\Users\ASUS_TUF_GAMING\Desktop\Git_Hub\Differentiator\code\diff.exe: main()

--------------------------------------------------
Developed with:

The Dumb Artist Library (TX Library)
TXLib [Ver: 00173a, Rev: 171, Date: 2022-07-23 02:08:28 +0400]
Copyright (C) Ded (Ilya Dedinsky, http://txlib.ru) <mail@txlib.ru>
See license on: http://txlib.ru

TXLib file:	c:\users\asus_tuf_gaming\desktop\программист\codeblocks\mingw\include\txlib.h
Compiled:	Dec  6 2022 23:48:26, GNU g++ 4.8.1, std=201103L, MinGW Runtime 3.20, 32-bit, Debug
Started:	Dec 06 2022 23:48:29

Run file:	C:\Users\ASUS_TUF_GAMING\Desktop\Git_Hub\Differentiator\code\diff.exe
Directory:	C:\Users\ASUS_TUF_GAMING\Desktop\Git_Hub\Differentiator\code

--------------------------------------------------

--------------------------------------------------
TXLib соболезнует...

Программа: C:\Users\ASUS_TUF_GAMING\Desktop\Git_Hub\Differentiator\code\diff.exe, файл: c:\users\asus_tuf_gaming\desktop\программист\codeblocks\mingw\include\txlib.h, строка: 13628, функция: bool {anonymous}::TX::txBitBlt(HDC, double, double, double, double, HDC, double, double, unsigned int),

Сообщение: Параметр "sourceImage" неверен. Возможно, этот холст не создан, или уже уничтожен, или не загрузилась картинка.

#1: TXLib [Ver: 00173a, Rev: 171, Date: 2022-07-23 02:08:28 +0400], Instance: 0x004F22FC (32-bit), Flags: CMdRe0, Thread: 0x2438 (Main), GetLastError(): 13 (Недопустимые данные), errno: 34 (Result too large). 

--------------------------------------------------
Стек вызовов:

# 0 0x00416248 in C:\Users\ASUS_TUF_GAMING\Desktop\Git_Hub\Differentiator\code\diff.exe: (anonymous namespace)::TX::txBitBlt()
# 1 0x0041C584 in C:\Users\ASUS_TUF_GAMING\Desktop\Git_Hub\Differentiator\code\diff.exe: main()

--------------------------------------------------
Developed with:

The Dumb Artist Library (TX Library)
TXLib [Ver: 00173a, Rev: 171, Date: 2022-07-23 02:08:28 +0400]
Copyright (C) Ded (Ilya Dedinsky, http://txlib.ru) <mail@txlib.ru>
See license on: http://txlib.ru

TXLib file:	c:\users\asus_tuf_gaming\desktop\программист\codeblocks\mingw\include\txlib.h
Compiled:	Dec  6 2022 23:48:26, GNU g++ 4.8.1, std=201103L, MinGW Runtime 3.20, 32-bit, Debug
Started:	Dec 06 2022 23:52:19

Run file:	C:\Users\ASUS_TUF_GAMING\Desktop\Git_Hub\Differentiator\code\diff.exe
Directory:	C:\Users\ASUS_TUF_GAMING\Desktop\Git_Hub\Differentiator\code

--------------------------------------------------

--------------------------------------------------
TXLib предупреждает:

Программа: C:\Users\ASUS_TUF_GAMING\Desktop\Git_Hub\Differentiator\code\diff.exe,

ВНЕЗАПНО: Нарушение доступа к памяти.

#1: Исключение EXCEPTION_ACCESS_VIOLATION (0xC0000005) при выполнении кода по адресу 0x0041DD7C в функции print_tree_inorder(). Попытка прочесть данные по адресу 0x0000000C в модуле C:\Users\ASUS_TUF_GAMING\Desktop\Git_Hub\Differentiator\code\diff.exe. Спасибо _txVectoredExceptionHandler(), что сообщил. Люблю его <3

#1: TXLib [Ver: 00173a, Rev: 171, Date: 2022-07-23 02:08:28 +0400], Instance: 0x004F22FC (32-bit), Flags: Cmdre0, Thread: 0x4F2C (Main), _doserrno: 131 (Unknown error). 

--------------------------------------------------
Стек вызовов:

# 0 0x0041DD7C in C:\Users\ASUS_TUF_GAMING\Desktop\Git_Hub\Differentiator\code\diff.exe: print_tree_inorder()
# 1 0x00401429 in C:\Users\ASUS_TUF_GAMING\Desktop\Git_Hub\Differentiator\code\diff.exe: main()

--------------------------------------------------
Developed with:

The Dumb Artist Library (TX Library)
TXLib [Ver: 00173a, Rev: 171, Date: 2022-07-23 02:08:28 +0400]
Copyright (C) Ded (Ilya Dedinsky, http://txlib.ru) <mail@txlib.ru>
See license on: http://txlib.ru

TXLib file:	c:\users\asus_tuf_gaming\desktop\программист\codeblocks\mingw\include\txlib.h
Compiled:	Dec  7 2022 10:17:00, GNU g++ 4.8.1, std=201103L, MinGW Runtime 3.20, 32-bit, Debug
Started:	Dec 07 2022 10:19:30

Run file:	C:\Users\ASUS_TUF_GAMING\Desktop\Git_Hub\Differentiator\code\diff.exe
Directory:	C:\Users\ASUS_TUF_GAMING\Desktop\Git_Hub\Differentiator\code

--------------------------------------------------

--------------------------------------------------
TXLib соболезнует...

Программа: C:\Users\ASUS_TUF_GAMING\Desktop\Git_Hub\Differentiator\code\diff.exe,

ВНЕЗАПНО: signal (11, 0x00): SIGSEGV: Доступ по неверному указателю. Ставьте ассерты! 

Нарушение доступа к памяти.

#1: Исключение EXCEPTION_ACCESS_VIOLATION (0xC0000005) при выполнении кода по адресу 0x0041DD7C в функции print_tree_inorder(). Попытка прочесть данные по адресу 0x0000000C в модуле C:\Users\ASUS_TUF_GAMING\Desktop\Git_Hub\Differentiator\code\diff.exe. Спасибо _txVectoredExceptionHandler(), что сообщил. Люблю его <3

С помощью функции signal() вы можете сами обработать эту ошибку.

#2: TXLib [Ver: 00173a, Rev: 171, Date: 2022-07-23 02:08:28 +0400], Instance: 0x004F22FC (32-bit), Flags: Cmdre0, Thread: 0x4F2C (Main), _doserrno: 131 (Unknown error). 

--------------------------------------------------
Стек вызовов:

# 0 0x0041DD7C in C:\Users\ASUS_TUF_GAMING\Desktop\Git_Hub\Differentiator\code\diff.exe: print_tree_inorder()
# 1 0x00401429 in C:\Users\ASUS_TUF_GAMING\Desktop\Git_Hub\Differentiator\code\diff.exe: main()

--------------------------------------------------
Developed with:

The Dumb Artist Library (TX Library)
TXLib [Ver: 00173a, Rev: 171, Date: 2022-07-23 02:08:28 +0400]
Copyright (C) Ded (Ilya Dedinsky, http://txlib.ru) <mail@txlib.ru>
See license on: http://txlib.ru

TXLib file:	c:\users\asus_tuf_gaming\desktop\программист\codeblocks\mingw\include\txlib.h
Compiled:	Dec  7 2022 10:17:00, GNU g++ 4.8.1, std=201103L, MinGW Runtime 3.20, 32-bit, Debug
Started:	Dec 07 2022 10:19:30

Run file:	C:\Users\ASUS_TUF_GAMING\Desktop\Git_Hub\Differentiator\code\diff.exe
Directory:	C:\Users\ASUS_TUF_GAMING\Desktop\Git_Hub\Differentiator\code

--------------------------------------------------
